<?xml version="1.0" encoding="UTF-8"?>
<!-- Generated by org.testng.reporters.JUnitReportReporter -->
<testsuite hostname="TYSS-Theanmozli" failures="0" tests="1" name="javastream.ToLearnStream" time="0.014" errors="0" timestamp="2024-07-24T18:57:18 IST" skipped="0">
  <testcase classname="javastream.ToLearnStream" name="streamMap" time="0.014"/>
</testsuite> <!-- javastream.ToLearnStream -->
