<?xml version="1.0" encoding="UTF-8"?>
<!-- Generated by org.testng.reporters.JUnitReportReporter -->
<testsuite hostname="TYSS-Theanmozli" failures="0" tests="3" name="task.FT" time="0.018" errors="0" timestamp="2024-07-26T15:25:17 IST" skipped="0">
  <testcase classname="task.FT" name="ft_01" time="0.012">
    <system-out>
      <![CDATA[Functional Testing 1]]>
    </system-out>
  </testcase> <!-- ft_01 -->
  <testcase classname="task.FT" name="ft_03" time="0.004">
    <system-out>
      <![CDATA[Functional Testing 3]]>
    </system-out>
  </testcase> <!-- ft_03 -->
  <testcase classname="task.FT" name="ft_02" time="0.002">
    <system-out>
      <![CDATA[Functional Testing 2]]>
    </system-out>
  </testcase> <!-- ft_02 -->
  <system-out>
    <![CDATA[Functional Testing 1
Functional Testing 2
Functional Testing 3
IT 1
IT 2]]>
  </system-out>
</testsuite> <!-- task.FT -->
