<?xml version="1.0" encoding="UTF-8"?>
<!-- Generated by org.testng.reporters.JUnitReportReporter -->
<testsuite hostname="TYSS-Theanmozli" failures="0" tests="3" name="testng.ToWorkInTestNg" time="13.822" errors="0" timestamp="2024-07-25T08:10:53 IST" skipped="0">
  <testcase classname="testng.ToWorkInTestNg" name="m2" time="4.418"/>
  <testcase classname="testng.ToWorkInTestNg" name="m3" time="4.219"/>
  <testcase classname="testng.ToWorkInTestNg" name="m1" time="5.185"/>
</testsuite> <!-- testng.ToWorkInTestNg -->
