<?xml version="1.0" encoding="UTF-8"?>
<!-- Generated by org.testng.reporters.JUnitReportReporter -->
<testsuite hostname="TYSS-Theanmozli" failures="0" tests="1" name="dropdown.UploadPopUp" time="16.155" errors="0" timestamp="2024-07-26T11:50:21 IST" skipped="0">
  <testcase classname="dropdown.UploadPopUp" name="main" time="16.155"/>
</testsuite> <!-- dropdown.UploadPopUp -->
