<?xml version="1.0" encoding="UTF-8"?>
<!-- Generated by org.testng.reporters.JUnitReportReporter -->
<testsuite hostname="TYSS-Theanmozli" failures="0" tests="1" name="ddtproperties.Base" time="0.751" errors="0" timestamp="2024-07-26T15:05:18 IST" skipped="0">
  <testcase classname="ddtproperties.Base" name="ExcelWrite" time="0.751"/>
</testsuite> <!-- ddtproperties.Base -->
