<?xml version="1.0" encoding="UTF-8"?>
<!-- Generated by org.testng.reporters.JUnitReportReporter -->
<testsuite hostname="TYSS-Theanmozli" failures="0" tests="2" name="testng.HelperAttribute_IC" time="21.209" errors="0" timestamp="2024-07-25T08:47:24 IST" skipped="0">
  <testcase classname="testng.HelperAttribute_IC" name="m1" time="10.578"/>
  <testcase classname="testng.HelperAttribute_IC" name="m1" time="10.631"/>
</testsuite> <!-- testng.HelperAttribute_IC -->
