<?xml version="1.0" encoding="UTF-8"?>
<!-- Generated by org.testng.reporters.JUnitReportReporter -->
<testsuite hostname="TYSS-Theanmozli" failures="0" tests="2" name="task.IT" time="0.003" errors="0" timestamp="2024-07-26T15:25:17 IST" skipped="0">
  <testcase classname="task.IT" name="IT_01" time="0.001">
    <system-out>
      <![CDATA[IT 1]]>
    </system-out>
  </testcase> <!-- IT_01 -->
  <testcase classname="task.IT" name="IT_02" time="0.002">
    <system-out>
      <![CDATA[IT 2]]>
    </system-out>
  </testcase> <!-- IT_02 -->
  <system-out>
    <![CDATA[Functional Testing 1
Functional Testing 2
Functional Testing 3
IT 1
IT 2]]>
  </system-out>
</testsuite> <!-- task.IT -->
