<?xml version="1.0" encoding="UTF-8"?>
<!-- Generated by org.testng.reporters.JUnitReportReporter -->
<testsuite hostname="TYSS-Theanmozli" failures="0" tests="1" name="batch.FT03" time="13.815" errors="0" timestamp="2024-07-27T08:38:13 IST" skipped="0">
  <testcase classname="batch.FT03" name="ft_01" time="13.815">
    <system-out>
      <![CDATA[FT03]]>
    </system-out>
  </testcase> <!-- ft_01 -->
  <system-out>
    <![CDATA[FT01
FT02
FT01 2
FT03]]>
  </system-out>
</testsuite> <!-- batch.FT03 -->
