<?xml version="1.0" encoding="UTF-8"?>
<!-- Generated by org.testng.reporters.JUnitReportReporter -->
<testsuite hostname="TYSS-Theanmozli" failures="0" tests="2" name="batch.FT01" time="14.051" errors="0" timestamp="2024-07-27T08:38:13 IST" skipped="0">
  <testcase classname="batch.FT01" name="ft_01" time="4.263">
    <system-out>
      <![CDATA[FT01]]>
    </system-out>
  </testcase> <!-- ft_01 -->
  <testcase classname="batch.FT01" name="ft_02" time="9.788">
    <system-out>
      <![CDATA[FT01 2]]>
    </system-out>
  </testcase> <!-- ft_02 -->
  <system-out>
    <![CDATA[FT01
FT02
FT01 2
FT03]]>
  </system-out>
</testsuite> <!-- batch.FT01 -->
