<?xml version="1.0" encoding="UTF-8"?>
<!-- Generated by org.testng.reporters.JUnitReportReporter -->
<testsuite hostname="TYSS-Theanmozli" failures="0" tests="1" name="testng.ToCheck_testNg" time="0.012" errors="0" timestamp="2024-07-26T11:16:11 IST" skipped="0">
  <testcase classname="testng.ToCheck_testNg" name="m1" time="0.012">
    <system-out>
      <![CDATA[Hi
Hi]]>
    </system-out>
  </testcase> <!-- m1 -->
  <system-out>
    <![CDATA[Hi
Hi]]>
  </system-out>
</testsuite> <!-- testng.ToCheck_testNg -->
